2014-10-15 00:42:07,526 [Worker-6] INFO  o.e.m.c.i.i.nexus.NexusIndexManager - Updating index for repository: central|http://repo.maven.apache.org/maven2
2014-10-15 00:42:11,752 [Worker-6] INFO  c.n.h.c.p.n.NettyAsyncHttpProvider - Number of application's worked threads is 4
2014-10-15 00:42:14,954 [Worker-1] INFO  o.e.m.c.i.l.LifecycleMappingFactory - Using org.eclipse.m2e.jdt.JarLifecycleMapping lifecycle mapping for MavenProject: com:ran:0.0.1-SNAPSHOT @ /Users/omsairam/Documents/work/Ran_github/ran/pom.xml.
2014-10-15 00:42:14,972 [Worker-3] INFO  o.e.m.c.i.l.LifecycleMappingFactory - Using org.eclipse.m2e.jdt.JarLifecycleMapping lifecycle mapping for MavenProject: com:ran:0.0.1-SNAPSHOT @ /Users/omsairam/Documents/work/Ran_github/ran/pom.xml.
2014-10-15 00:42:18,068 [Worker-3] INFO  c.n.h.c.p.n.NettyAsyncHttpProvider - Number of application's worked threads is 4
2014-10-15 00:42:18,069 [Worker-1] INFO  c.n.h.c.p.n.NettyAsyncHttpProvider - Number of application's worked threads is 4
2014-10-15 00:42:18,153 [New I/O client worker #2-1] INFO  o.e.m.c.i.e.AbstractTransferListenerAdapter - Downloading http://repo.maven.apache.org/maven2/info/cukes/cucumber-core/1.1.7/cucumber-core-1.1.7.pom
2014-10-15 00:42:18,153 [New I/O client worker #3-1] INFO  o.e.m.c.i.e.AbstractTransferListenerAdapter - Downloading http://repo.maven.apache.org/maven2/info/cukes/cucumber-core/1.1.7/cucumber-core-1.1.7.pom
2014-10-15 00:42:18,156 [New I/O client worker #2-1] INFO  o.e.m.c.i.e.AbstractTransferListenerAdapter - Downloaded http://repo.maven.apache.org/maven2/info/cukes/cucumber-core/1.1.7/cucumber-core-1.1.7.pom
2014-10-15 00:42:18,156 [New I/O client worker #3-1] INFO  o.e.m.c.i.e.AbstractTransferListenerAdapter - Downloaded http://repo.maven.apache.org/maven2/info/cukes/cucumber-core/1.1.7/cucumber-core-1.1.7.pom
2014-10-15 00:42:18,198 [Worker-3] INFO  c.n.h.c.p.n.NettyAsyncHttpProvider - Number of application's worked threads is 4
2014-10-15 00:42:18,199 [Worker-1] INFO  c.n.h.c.p.n.NettyAsyncHttpProvider - Number of application's worked threads is 4
2014-10-15 00:42:18,243 [New I/O client worker #4-1] INFO  o.e.m.c.i.e.AbstractTransferListenerAdapter - Downloading http://repo.maven.apache.org/maven2/info/cukes/cucumber-jvm/1.1.7/cucumber-jvm-1.1.7.pom
2014-10-15 00:42:18,247 [New I/O client worker #5-1] INFO  o.e.m.c.i.e.AbstractTransferListenerAdapter - Downloading http://repo.maven.apache.org/maven2/info/cukes/cucumber-jvm/1.1.7/cucumber-jvm-1.1.7.pom
2014-10-15 00:42:18,269 [New I/O client worker #5-1] INFO  o.e.m.c.i.e.AbstractTransferListenerAdapter - Downloaded http://repo.maven.apache.org/maven2/info/cukes/cucumber-jvm/1.1.7/cucumber-jvm-1.1.7.pom
2014-10-15 00:42:18,281 [New I/O client worker #4-1] INFO  o.e.m.c.i.e.AbstractTransferListenerAdapter - Downloaded http://repo.maven.apache.org/maven2/info/cukes/cucumber-jvm/1.1.7/cucumber-jvm-1.1.7.pom
2014-10-15 00:42:18,441 [Worker-1] INFO  c.n.h.c.p.n.NettyAsyncHttpProvider - Number of application's worked threads is 4
2014-10-15 00:42:18,512 [Worker-3] INFO  c.n.h.c.p.n.NettyAsyncHttpProvider - Number of application's worked threads is 4
2014-10-15 00:42:18,519 [New I/O client worker #6-1] INFO  o.e.m.c.i.e.AbstractTransferListenerAdapter - Downloading http://repo.maven.apache.org/maven2/info/cukes/cucumber-java/1.1.7/cucumber-java-1.1.7.pom
2014-10-15 00:42:18,520 [New I/O client worker #6-1] INFO  o.e.m.c.i.e.AbstractTransferListenerAdapter - Downloaded http://repo.maven.apache.org/maven2/info/cukes/cucumber-java/1.1.7/cucumber-java-1.1.7.pom
2014-10-15 00:42:18,561 [New I/O client worker #7-1] INFO  o.e.m.c.i.e.AbstractTransferListenerAdapter - Downloading http://repo.maven.apache.org/maven2/info/cukes/cucumber-java/1.1.7/cucumber-java-1.1.7.pom
2014-10-15 00:42:18,563 [New I/O client worker #7-1] INFO  o.e.m.c.i.e.AbstractTransferListenerAdapter - Downloaded http://repo.maven.apache.org/maven2/info/cukes/cucumber-java/1.1.7/cucumber-java-1.1.7.pom
2014-10-15 00:42:18,587 [Worker-1] INFO  c.n.h.c.p.n.NettyAsyncHttpProvider - Number of application's worked threads is 4
2014-10-15 00:42:18,633 [New I/O client worker #8-1] INFO  o.e.m.c.i.e.AbstractTransferListenerAdapter - Downloading http://repo.maven.apache.org/maven2/info/cukes/cucumber-junit/1.1.7/cucumber-junit-1.1.7.pom
2014-10-15 00:42:18,634 [New I/O client worker #8-1] INFO  o.e.m.c.i.e.AbstractTransferListenerAdapter - Downloaded http://repo.maven.apache.org/maven2/info/cukes/cucumber-junit/1.1.7/cucumber-junit-1.1.7.pom
2014-10-15 00:42:18,693 [Worker-1] INFO  c.n.h.c.p.n.NettyAsyncHttpProvider - Number of application's worked threads is 4
2014-10-15 00:42:18,701 [Worker-3] INFO  c.n.h.c.p.n.NettyAsyncHttpProvider - Number of application's worked threads is 4
2014-10-15 00:42:18,743 [New I/O client worker #9-1] INFO  o.e.m.c.i.e.AbstractTransferListenerAdapter - Downloading http://repo.maven.apache.org/maven2/info/cukes/cucumber-picocontainer/1.1.7/cucumber-picocontainer-1.1.7.pom
2014-10-15 00:42:18,744 [New I/O client worker #9-1] INFO  o.e.m.c.i.e.AbstractTransferListenerAdapter - Downloaded http://repo.maven.apache.org/maven2/info/cukes/cucumber-picocontainer/1.1.7/cucumber-picocontainer-1.1.7.pom
2014-10-15 00:42:18,749 [New I/O client worker #10-1] INFO  o.e.m.c.i.e.AbstractTransferListenerAdapter - Downloading http://repo.maven.apache.org/maven2/info/cukes/cucumber-picocontainer/1.1.7/cucumber-picocontainer-1.1.7.pom
2014-10-15 00:42:18,750 [New I/O client worker #10-1] INFO  o.e.m.c.i.e.AbstractTransferListenerAdapter - Downloaded http://repo.maven.apache.org/maven2/info/cukes/cucumber-picocontainer/1.1.7/cucumber-picocontainer-1.1.7.pom
2014-10-15 00:42:18,957 [Worker-3] INFO  c.n.h.c.p.n.NettyAsyncHttpProvider - Number of application's worked threads is 4
2014-10-15 00:42:18,972 [Worker-1] INFO  c.n.h.c.p.n.NettyAsyncHttpProvider - Number of application's worked threads is 4
2014-10-15 00:42:19,013 [New I/O client worker #11-3] INFO  o.e.m.c.i.e.AbstractTransferListenerAdapter - Downloading http://repo.maven.apache.org/maven2/info/cukes/cucumber-junit/1.1.7/cucumber-junit-1.1.7.jar
2014-10-15 00:42:19,015 [New I/O client worker #11-1] INFO  o.e.m.c.i.e.AbstractTransferListenerAdapter - Downloading http://repo.maven.apache.org/maven2/info/cukes/cucumber-core/1.1.7/cucumber-core-1.1.7.jar
2014-10-15 00:42:19,016 [New I/O client worker #11-2] INFO  o.e.m.c.i.e.AbstractTransferListenerAdapter - Downloading http://repo.maven.apache.org/maven2/info/cukes/cucumber-java/1.1.7/cucumber-java-1.1.7.jar
2014-10-15 00:42:19,018 [New I/O client worker #11-4] INFO  o.e.m.c.i.e.AbstractTransferListenerAdapter - Downloading http://repo.maven.apache.org/maven2/info/cukes/cucumber-picocontainer/1.1.7/cucumber-picocontainer-1.1.7.jar
2014-10-15 00:42:19,031 [New I/O client worker #11-4] INFO  o.e.m.c.i.e.AbstractTransferListenerAdapter - Downloaded http://repo.maven.apache.org/maven2/info/cukes/cucumber-picocontainer/1.1.7/cucumber-picocontainer-1.1.7.jar
2014-10-15 00:42:19,065 [New I/O client worker #11-3] INFO  o.e.m.c.i.e.AbstractTransferListenerAdapter - Downloaded http://repo.maven.apache.org/maven2/info/cukes/cucumber-junit/1.1.7/cucumber-junit-1.1.7.jar
2014-10-15 00:42:19,128 [New I/O client worker #12-3] INFO  o.e.m.c.i.e.AbstractTransferListenerAdapter - Downloading http://repo.maven.apache.org/maven2/info/cukes/cucumber-junit/1.1.7/cucumber-junit-1.1.7.jar
2014-10-15 00:42:19,128 [New I/O client worker #12-2] INFO  o.e.m.c.i.e.AbstractTransferListenerAdapter - Downloading http://repo.maven.apache.org/maven2/info/cukes/cucumber-java/1.1.7/cucumber-java-1.1.7.jar
2014-10-15 00:42:19,133 [New I/O client worker #12-4] INFO  o.e.m.c.i.e.AbstractTransferListenerAdapter - Downloading http://repo.maven.apache.org/maven2/info/cukes/cucumber-picocontainer/1.1.7/cucumber-picocontainer-1.1.7.jar
2014-10-15 00:42:19,135 [New I/O client worker #12-1] INFO  o.e.m.c.i.e.AbstractTransferListenerAdapter - Downloading http://repo.maven.apache.org/maven2/info/cukes/cucumber-core/1.1.7/cucumber-core-1.1.7.jar
2014-10-15 00:42:19,137 [New I/O client worker #12-4] INFO  o.e.m.c.i.e.AbstractTransferListenerAdapter - Downloaded http://repo.maven.apache.org/maven2/info/cukes/cucumber-picocontainer/1.1.7/cucumber-picocontainer-1.1.7.jar
2014-10-15 00:42:19,148 [New I/O client worker #12-3] INFO  o.e.m.c.i.e.AbstractTransferListenerAdapter - Downloaded http://repo.maven.apache.org/maven2/info/cukes/cucumber-junit/1.1.7/cucumber-junit-1.1.7.jar
2014-10-15 00:42:19,154 [New I/O client worker #11-2] INFO  o.e.m.c.i.e.AbstractTransferListenerAdapter - Downloaded http://repo.maven.apache.org/maven2/info/cukes/cucumber-java/1.1.7/cucumber-java-1.1.7.jar
2014-10-15 00:42:19,155 [New I/O client worker #11-1] INFO  o.e.m.c.i.e.AbstractTransferListenerAdapter - Downloaded http://repo.maven.apache.org/maven2/info/cukes/cucumber-core/1.1.7/cucumber-core-1.1.7.jar
2014-10-15 00:42:19,233 [New I/O client worker #12-2] INFO  o.e.m.c.i.e.AbstractTransferListenerAdapter - Downloaded http://repo.maven.apache.org/maven2/info/cukes/cucumber-java/1.1.7/cucumber-java-1.1.7.jar
2014-10-15 00:42:19,246 [New I/O client worker #12-1] INFO  o.e.m.c.i.e.AbstractTransferListenerAdapter - Downloaded http://repo.maven.apache.org/maven2/info/cukes/cucumber-core/1.1.7/cucumber-core-1.1.7.jar
2014-10-15 00:42:21,859 [Worker-1] INFO  o.e.m.c.i.embedder.EclipseLogger - Using 'UTF-8' encoding to copy filtered resources.
2014-10-15 00:42:21,866 [Worker-1] INFO  o.e.m.c.i.embedder.EclipseLogger - Copying 2 resources
2014-10-15 00:42:21,877 [Worker-1] INFO  o.e.m.c.i.embedder.EclipseLogger - Using 'UTF-8' encoding to copy filtered resources.
2014-10-15 00:42:21,877 [Worker-1] INFO  o.e.m.c.i.embedder.EclipseLogger - skip non existing resourceDirectory /Users/omsairam/Documents/work/Ran_github/ran/src/test/resources
2014-10-15 00:42:25,052 [Worker-7] INFO  o.e.m.c.i.l.LifecycleMappingFactory - Using org.eclipse.m2e.jdt.JarLifecycleMapping lifecycle mapping for MavenProject: com:ran:0.0.1-SNAPSHOT @ /Users/omsairam/Documents/work/Ran_github/ran/pom.xml.
2014-10-15 00:42:26,584 [Worker-3] INFO  o.e.m.c.i.embedder.EclipseLogger - Using 'UTF-8' encoding to copy filtered resources.
2014-10-15 00:42:26,660 [Worker-3] INFO  o.e.m.c.i.embedder.EclipseLogger - Copying 2 resources
2014-10-15 00:42:26,663 [Worker-3] INFO  o.e.m.c.i.embedder.EclipseLogger - Using 'UTF-8' encoding to copy filtered resources.
2014-10-15 00:42:26,663 [Worker-3] INFO  o.e.m.c.i.embedder.EclipseLogger - skip non existing resourceDirectory /Users/omsairam/Documents/work/Ran_github/ran/src/test/resources
2014-10-15 00:42:27,927 [Worker-4] INFO  o.e.m.c.i.embedder.EclipseLogger - Using 'UTF-8' encoding to copy filtered resources.
2014-10-15 00:42:27,935 [Worker-4] INFO  o.e.m.c.i.embedder.EclipseLogger - Copying 0 resource
2014-10-15 00:42:27,939 [Worker-4] INFO  o.e.m.c.i.embedder.EclipseLogger - Using 'UTF-8' encoding to copy filtered resources.
2014-10-15 00:42:27,939 [Worker-4] INFO  o.e.m.c.i.embedder.EclipseLogger - skip non existing resourceDirectory /Users/omsairam/Documents/work/Ran_github/ran/src/test/resources
